TEST LOG ENTRY - 2025-10-19 22:18:12
[2025-10-19 22:18:12] === TEST LOGGING ===
Array
(
    [test] => This is a test
    [time] => 1760912292
    [server] => prest-68ljkwhdgf6.passimpay.io
)

--------------------------------------------------------------------------------
[2025-10-19 22:18:46] === WEBHOOK RECEIVED ===
Array
(
    [REQUEST_METHOD] => GET
    [REQUEST_URI] => /modules/passimpay/webhook.php
    [POST] => Array
        (
        )

    [GET] => Array
        (
        )

)

--------------------------------------------------------------------------------
[2025-10-19 22:18:46] Step 1: Loading PrestaShop...
--------------------------------------------------------------------------------
[2025-10-19 22:18:46] Step 1.1: Config path: /var/www/presta/modules/passimpay/../../config/config.inc.php
--------------------------------------------------------------------------------
[2025-10-19 22:18:46] Step 1.2: File exists: YES
--------------------------------------------------------------------------------
[2025-10-20 01:18:46] Step 1.3: PrestaShop config loaded successfully
--------------------------------------------------------------------------------
[2025-10-20 01:18:46] Step 2: Loading API class...
--------------------------------------------------------------------------------
[2025-10-20 01:18:46] Step 2.1: API path: /var/www/presta/modules/passimpay/PassimpayMerchantAPI.php
--------------------------------------------------------------------------------
[2025-10-20 01:18:46] Step 2.2: File exists: YES
--------------------------------------------------------------------------------
[2025-10-20 01:18:46] Step 2.3: API class loaded successfully
--------------------------------------------------------------------------------
[2025-10-20 01:18:46] Step 3: POST params received
Array
(
)

--------------------------------------------------------------------------------
[2025-10-20 01:18:46] Step 4: Checking POST data...
--------------------------------------------------------------------------------
[2025-10-20 01:18:46] ERROR: Empty POST data
--------------------------------------------------------------------------------
[2025-10-20 07:19:37] === WEBHOOK RECEIVED ===
Array
(
    [REQUEST_METHOD] => POST
    [REQUEST_URI] => /modules/passimpay/webhook.php
    [POST] => Array
        (
            [platform_id] => 1912
            [payment_id] => 40
            [order_id] => 39
            [amount] => 4.300000000000000000
            [txhash] => 89121488f096c363191cf1373cdf66063025c82091ae09ba0ad08d1c45e66273
            [address_from] => 
            [address_to] => D5wNj79SdTCrpirP8cz1C7ip6fHH8VDxtu
            [fee] => 0
            [confirmations] => 4
            [hash] => 409fe4ea886937375975efae914239f630fa994f1f85f0d1c95e4d2fdb2ab9a3
        )

    [GET] => Array
        (
        )

)

--------------------------------------------------------------------------------
[2025-10-20 07:19:37] Step 1: Loading PrestaShop...
--------------------------------------------------------------------------------
[2025-10-20 07:19:37] Step 1.1: Config path: /var/www/presta/modules/passimpay/../../config/config.inc.php
--------------------------------------------------------------------------------
[2025-10-20 07:19:37] Step 1.2: File exists: YES
--------------------------------------------------------------------------------
[2025-10-20 10:19:37] Step 1.3: PrestaShop config loaded successfully
--------------------------------------------------------------------------------
[2025-10-20 10:19:37] Step 2: Loading API class...
--------------------------------------------------------------------------------
[2025-10-20 10:19:37] Step 2.1: API path: /var/www/presta/modules/passimpay/PassimpayMerchantAPI.php
--------------------------------------------------------------------------------
[2025-10-20 10:19:37] Step 2.2: File exists: YES
--------------------------------------------------------------------------------
[2025-10-20 10:19:37] Step 2.3: API class loaded successfully
--------------------------------------------------------------------------------
[2025-10-20 10:19:37] Step 3: POST params received
Array
(
    [platform_id] => 1912
    [payment_id] => 40
    [order_id] => 39
    [amount] => 4.300000000000000000
    [txhash] => 89121488f096c363191cf1373cdf66063025c82091ae09ba0ad08d1c45e66273
    [address_from] => 
    [address_to] => D5wNj79SdTCrpirP8cz1C7ip6fHH8VDxtu
    [fee] => 0
    [confirmations] => 4
    [hash] => 409fe4ea886937375975efae914239f630fa994f1f85f0d1c95e4d2fdb2ab9a3
)

--------------------------------------------------------------------------------
[2025-10-20 10:19:37] Step 4: Checking POST data...
--------------------------------------------------------------------------------
[2025-10-20 10:19:37] Step 4.1: POST data is not empty
--------------------------------------------------------------------------------
[2025-10-20 10:19:37] Step 5: Checking required fields...
--------------------------------------------------------------------------------
[2025-10-20 10:19:37] Step 5.order_id: Checking field: order_id
--------------------------------------------------------------------------------
[2025-10-20 10:19:37] Step 5.order_id: Field OK - value: 39
--------------------------------------------------------------------------------
[2025-10-20 10:19:37] Step 5.platform_id: Checking field: platform_id
--------------------------------------------------------------------------------
[2025-10-20 10:19:37] Step 5.platform_id: Field OK - value: 1912
--------------------------------------------------------------------------------
[2025-10-20 10:19:37] Step 5.hash: Checking field: hash
--------------------------------------------------------------------------------
[2025-10-20 10:19:37] Step 5.hash: Field OK - value: 409fe4ea886937375975efae914239f630fa994f1f85f0d1c95e4d2fdb2ab9a3
--------------------------------------------------------------------------------
[2025-10-20 10:19:37] Step 5.9: All required fields present
--------------------------------------------------------------------------------
[2025-10-20 10:19:37] Step 6: Loading order #39
--------------------------------------------------------------------------------
[2025-10-20 10:19:37] Step 6.1: Order object created
--------------------------------------------------------------------------------
[2025-10-20 10:19:37] Step 6.2: Order loaded successfully
Array
(
    [id] => 39
    [current_state] => 10
    [reference] => CTMFSCKPO
    [total_paid] => 68.830000
)

--------------------------------------------------------------------------------
[2025-10-20 10:19:37] Step 7: Loading module configuration...
--------------------------------------------------------------------------------
[2025-10-20 10:19:37] Step 7.1: Configuration retrieved
Array
(
    [PP_PLATFORM_ID] => 1912
    [PP_SECRET_KEY] => SET (length: 34)
)

--------------------------------------------------------------------------------
[2025-10-20 10:19:37] Step 7.2: Configuration valid
--------------------------------------------------------------------------------
[2025-10-20 10:19:37] Step 8: Creating API instance...
--------------------------------------------------------------------------------
[2025-10-20 10:19:37] Step 8.1: API instance created successfully
--------------------------------------------------------------------------------
[2025-10-20 10:19:37] Step 9: Preparing hash verification...
--------------------------------------------------------------------------------
[2025-10-20 10:19:37] Step 9.1: Hash data prepared
Array
(
    [platform_id] => 1912
    [payment_id] => 40
    [order_id] => 39
    [amount] => 4.300000000000000000
    [txhash] => 89121488f096c363191cf1373cdf66063025c82091ae09ba0ad08d1c45e66273
    [address_from] => 
    [address_to] => D5wNj79SdTCrpirP8cz1C7ip6fHH8VDxtu
    [fee] => 0
)

--------------------------------------------------------------------------------
[2025-10-20 10:19:37] Step 9.2: Received hash: 409fe4ea886937375975efae914239f630fa994f1f85f0d1c95e4d2fdb2ab9a3
--------------------------------------------------------------------------------
[2025-10-20 10:19:37] Step 9.3: Calling checkHash()...
--------------------------------------------------------------------------------
[2025-10-20 10:19:37] ERROR: Hash verification FAILED
--------------------------------------------------------------------------------
[2025-10-20 13:23:28] === WEBHOOK RECEIVED ===
Array
(
    [REQUEST_METHOD] => POST
    [REQUEST_URI] => /modules/passimpay/webhook.php
    [POST] => Array
        (
            [platform_id] => 1912
            [payment_id] => 40
            [order_id] => 39
            [amount] => 4.300000000000000000
            [txhash] => 89121488f096c363191cf1373cdf66063025c82091ae09ba0ad08d1c45e66273
            [address_from] => 
            [address_to] => D5wNj79SdTCrpirP8cz1C7ip6fHH8VDxtu
            [fee] => 0
            [confirmations] => 4
            [hash] => 409fe4ea886937375975efae914239f630fa994f1f85f0d1c95e4d2fdb2ab9a3
        )

    [GET] => Array
        (
        )

)

--------------------------------------------------------------------------------
[2025-10-20 13:23:28] Step 1: Loading PrestaShop...
--------------------------------------------------------------------------------
[2025-10-20 13:23:28] Step 1.1: Config path: /var/www/presta/modules/passimpay/../../config/config.inc.php
--------------------------------------------------------------------------------
[2025-10-20 13:23:28] Step 1.2: File exists: YES
--------------------------------------------------------------------------------
[2025-10-20 16:23:28] Step 1.3: PrestaShop config loaded successfully
--------------------------------------------------------------------------------
[2025-10-20 16:23:28] Step 2: Loading API class...
--------------------------------------------------------------------------------
[2025-10-20 16:23:28] Step 2.1: API path: /var/www/presta/modules/passimpay/PassimpayMerchantAPI.php
--------------------------------------------------------------------------------
[2025-10-20 16:23:28] Step 2.2: File exists: YES
--------------------------------------------------------------------------------
[2025-10-20 16:23:28] Step 2.3: API class loaded successfully
--------------------------------------------------------------------------------
[2025-10-20 16:23:28] Step 3: POST params received
Array
(
    [platform_id] => 1912
    [payment_id] => 40
    [order_id] => 39
    [amount] => 4.300000000000000000
    [txhash] => 89121488f096c363191cf1373cdf66063025c82091ae09ba0ad08d1c45e66273
    [address_from] => 
    [address_to] => D5wNj79SdTCrpirP8cz1C7ip6fHH8VDxtu
    [fee] => 0
    [confirmations] => 4
    [hash] => 409fe4ea886937375975efae914239f630fa994f1f85f0d1c95e4d2fdb2ab9a3
)

--------------------------------------------------------------------------------
[2025-10-20 16:23:28] Step 4: Checking POST data...
--------------------------------------------------------------------------------
[2025-10-20 16:23:28] Step 4.1: POST data is not empty
--------------------------------------------------------------------------------
[2025-10-20 16:23:28] Step 5: Checking required fields...
--------------------------------------------------------------------------------
[2025-10-20 16:23:28] Step 5.order_id: Checking field: order_id
--------------------------------------------------------------------------------
[2025-10-20 16:23:28] Step 5.order_id: Field OK - value: 39
--------------------------------------------------------------------------------
[2025-10-20 16:23:28] Step 5.platform_id: Checking field: platform_id
--------------------------------------------------------------------------------
[2025-10-20 16:23:28] Step 5.platform_id: Field OK - value: 1912
--------------------------------------------------------------------------------
[2025-10-20 16:23:28] Step 5.hash: Checking field: hash
--------------------------------------------------------------------------------
[2025-10-20 16:23:28] Step 5.hash: Field OK - value: 409fe4ea886937375975efae914239f630fa994f1f85f0d1c95e4d2fdb2ab9a3
--------------------------------------------------------------------------------
[2025-10-20 16:23:28] Step 5.9: All required fields present
--------------------------------------------------------------------------------
[2025-10-20 16:23:28] Step 6: Loading order #39
--------------------------------------------------------------------------------
[2025-10-20 16:23:28] Step 6.1: Order object created
--------------------------------------------------------------------------------
[2025-10-20 16:23:28] Step 6.2: Order loaded successfully
Array
(
    [id] => 39
    [current_state] => 10
    [reference] => CTMFSCKPO
    [total_paid] => 68.830000
)

--------------------------------------------------------------------------------
[2025-10-20 16:23:28] Step 7: Loading module configuration...
--------------------------------------------------------------------------------
[2025-10-20 16:23:28] Step 7.1: Configuration retrieved
Array
(
    [PP_PLATFORM_ID] => 1912
    [PP_SECRET_KEY] => SET (length: 34)
)

--------------------------------------------------------------------------------
[2025-10-20 16:23:28] Step 7.2: Configuration valid
--------------------------------------------------------------------------------
[2025-10-20 16:23:28] Step 8: Creating API instance...
--------------------------------------------------------------------------------
[2025-10-20 16:23:28] Step 8.1: API instance created successfully
--------------------------------------------------------------------------------
[2025-10-20 16:23:28] Step 9: Preparing hash verification...
--------------------------------------------------------------------------------
[2025-10-20 16:23:28] Step 9.1: Hash data prepared
Array
(
    [platform_id] => 1912
    [payment_id] => 40
    [order_id] => 39
    [amount] => 4.300000000000000000
    [txhash] => 89121488f096c363191cf1373cdf66063025c82091ae09ba0ad08d1c45e66273
    [address_from] => 
    [address_to] => D5wNj79SdTCrpirP8cz1C7ip6fHH8VDxtu
    [fee] => 0
)

--------------------------------------------------------------------------------
[2025-10-20 16:23:28] Step 9.2: Received hash: 409fe4ea886937375975efae914239f630fa994f1f85f0d1c95e4d2fdb2ab9a3
--------------------------------------------------------------------------------
[2025-10-20 16:23:28] Step 9.3: Calling checkHash()...
--------------------------------------------------------------------------------
[2025-10-20 16:23:28] Step 9.4: Hash check result: INVALID
--------------------------------------------------------------------------------
[2025-10-20 16:23:28] WARNING: Hash verification FAILED - but continuing anyway for testing
--------------------------------------------------------------------------------
[2025-10-20 16:23:28] Expected hash calculation method might be different for webhooks
--------------------------------------------------------------------------------
[2025-10-20 16:23:28] Step 10: Checking payment status via Passimpay API...
--------------------------------------------------------------------------------
[2025-10-20 16:23:28] Step 10.1: Calling getOrderStatus(39)...
--------------------------------------------------------------------------------
[2025-10-20 16:23:28] Step 10.2: Payment status received: paid
--------------------------------------------------------------------------------
[2025-10-20 16:23:28] Step 11: Processing payment status...
--------------------------------------------------------------------------------
[2025-10-20 16:23:28] Step 11.1: Status is COMPLETED (paid)
--------------------------------------------------------------------------------
[2025-10-20 16:23:28] Step 11.2: Paid status ID: 2
--------------------------------------------------------------------------------
[2025-10-20 16:23:28] Step 11.3: Current order state: 10
--------------------------------------------------------------------------------
[2025-10-20 16:23:28] Step 11.5: Updating order status to PAID...
--------------------------------------------------------------------------------
[2025-10-20 16:23:28] FATAL ERROR CAUGHT
Array
(
    [message] => PrestaShop\PrestaShop\Core\Localization\CLDR\ComputingPrecision::getPrecision(): Argument #1 ($displayPrecision) must be of type int, null given, called in /var/www/presta/classes/Context.php on line 557
    [file] => /var/www/presta/src/Core/Localization/CLDR/ComputingPrecision.php
    [line] => 41
    [trace] => #0 /var/www/presta/classes/Context.php(557): PrestaShop\PrestaShop\Core\Localization\CLDR\ComputingPrecision->getPrecision()
#1 /var/www/presta/classes/order/Order.php(1529): ContextCore->getComputingPrecision()
#2 /var/www/presta/classes/order/Order.php(1417): OrderCore->setInvoiceDetails()
#3 /var/www/presta/classes/order/OrderHistory.php(374): OrderCore->setInvoice()
#4 /var/www/presta/classes/order/Order.php(1772): OrderHistoryCore->changeIdOrderState()
#5 /var/www/presta/modules/passimpay/webhook.php(180): OrderCore->setCurrentState()
#6 {main}
)

--------------------------------------------------------------------------------
[2025-10-20 13:37:44] === WEBHOOK RECEIVED ===
Array
(
    [REQUEST_METHOD] => POST
    [REQUEST_URI] => /modules/passimpay/webhook.php
    [POST] => Array
        (
            [platform_id] => 1912
            [payment_id] => 40
            [order_id] => 39
            [amount] => 4.300000000000000000
            [txhash] => 89121488f096c363191cf1373cdf66063025c82091ae09ba0ad08d1c45e66273
            [address_from] => 
            [address_to] => D5wNj79SdTCrpirP8cz1C7ip6fHH8VDxtu
            [fee] => 0
            [confirmations] => 4
            [hash] => 409fe4ea886937375975efae914239f630fa994f1f85f0d1c95e4d2fdb2ab9a3
        )

    [GET] => Array
        (
        )

)

--------------------------------------------------------------------------------
[2025-10-20 13:37:44] Step 1: Loading PrestaShop...
--------------------------------------------------------------------------------
[2025-10-20 13:37:44] Step 1.1: Config path: /var/www/presta/modules/passimpay/../../config/config.inc.php
--------------------------------------------------------------------------------
[2025-10-20 13:37:44] Step 1.2: File exists: YES
--------------------------------------------------------------------------------
[2025-10-20 16:37:44] Step 1.3: PrestaShop config loaded successfully
--------------------------------------------------------------------------------
[2025-10-20 16:37:44] Step 2: Loading API class...
--------------------------------------------------------------------------------
[2025-10-20 16:37:44] Step 2.1: API path: /var/www/presta/modules/passimpay/PassimpayMerchantAPI.php
--------------------------------------------------------------------------------
[2025-10-20 16:37:44] Step 2.2: File exists: YES
--------------------------------------------------------------------------------
[2025-10-20 16:37:44] Step 2.3: API class loaded successfully
--------------------------------------------------------------------------------
[2025-10-20 16:37:44] Step 3: POST params received
Array
(
    [platform_id] => 1912
    [payment_id] => 40
    [order_id] => 39
    [amount] => 4.300000000000000000
    [txhash] => 89121488f096c363191cf1373cdf66063025c82091ae09ba0ad08d1c45e66273
    [address_from] => 
    [address_to] => D5wNj79SdTCrpirP8cz1C7ip6fHH8VDxtu
    [fee] => 0
    [confirmations] => 4
    [hash] => 409fe4ea886937375975efae914239f630fa994f1f85f0d1c95e4d2fdb2ab9a3
)

--------------------------------------------------------------------------------
[2025-10-20 16:37:44] Step 4: Checking POST data...
--------------------------------------------------------------------------------
[2025-10-20 16:37:44] Step 4.1: POST data is not empty
--------------------------------------------------------------------------------
[2025-10-20 16:37:44] Step 5: Checking required fields...
--------------------------------------------------------------------------------
[2025-10-20 16:37:44] Step 5.order_id: Checking field: order_id
--------------------------------------------------------------------------------
[2025-10-20 16:37:44] Step 5.order_id: Field OK - value: 39
--------------------------------------------------------------------------------
[2025-10-20 16:37:44] Step 5.platform_id: Checking field: platform_id
--------------------------------------------------------------------------------
[2025-10-20 16:37:44] Step 5.platform_id: Field OK - value: 1912
--------------------------------------------------------------------------------
[2025-10-20 16:37:44] Step 5.hash: Checking field: hash
--------------------------------------------------------------------------------
[2025-10-20 16:37:44] Step 5.hash: Field OK - value: 409fe4ea886937375975efae914239f630fa994f1f85f0d1c95e4d2fdb2ab9a3
--------------------------------------------------------------------------------
[2025-10-20 16:37:44] Step 5.9: All required fields present
--------------------------------------------------------------------------------
[2025-10-20 16:37:44] Step 6: Loading order #39
--------------------------------------------------------------------------------
[2025-10-20 16:37:44] Step 6.1: Order object created
--------------------------------------------------------------------------------
[2025-10-20 16:37:44] Step 6.2: Order loaded successfully
Array
(
    [id] => 39
    [current_state] => 2
    [reference] => CTMFSCKPO
    [total_paid] => 68.830000
)

--------------------------------------------------------------------------------
[2025-10-20 16:37:44] Step 7: Loading module configuration...
--------------------------------------------------------------------------------
[2025-10-20 16:37:44] Step 7.1: Configuration retrieved
Array
(
    [PP_PLATFORM_ID] => 1912
    [PP_SECRET_KEY] => SET (length: 34)
)

--------------------------------------------------------------------------------
[2025-10-20 16:37:44] Step 7.2: Configuration valid
--------------------------------------------------------------------------------
[2025-10-20 16:37:44] Step 8: Creating API instance...
--------------------------------------------------------------------------------
[2025-10-20 16:37:44] Step 8.1: API instance created successfully
--------------------------------------------------------------------------------
[2025-10-20 16:37:44] Step 9: Preparing hash verification...
--------------------------------------------------------------------------------
[2025-10-20 16:37:44] Step 9.1: Hash data prepared
Array
(
    [platform_id] => 1912
    [payment_id] => 40
    [order_id] => 39
    [amount] => 4.300000000000000000
    [txhash] => 89121488f096c363191cf1373cdf66063025c82091ae09ba0ad08d1c45e66273
    [address_from] => 
    [address_to] => D5wNj79SdTCrpirP8cz1C7ip6fHH8VDxtu
    [fee] => 0
)

--------------------------------------------------------------------------------
[2025-10-20 16:37:44] Step 9.2: Received hash: 409fe4ea886937375975efae914239f630fa994f1f85f0d1c95e4d2fdb2ab9a3
--------------------------------------------------------------------------------
[2025-10-20 16:37:44] Step 9.3: Calling checkHash()...
--------------------------------------------------------------------------------
[2025-10-20 16:37:44] Hash verification - trying multiple methods
Array
(
    [received_hash] => 409fe4ea886937375975efae914239f630fa994f1f85f0d1c95e4d2fdb2ab9a3
    [method_1_http_build_query] => Array
        (
            [payload] => platform_id=1912&payment_id=40&order_id=39&amount=4.300000000000000000&txhash=89121488f096c363191cf1373cdf66063025c82091ae09ba0ad08d1c45e66273&address_from=&address_to=D5wNj79SdTCrpirP8cz1C7ip6fHH8VDxtu&fee=0
            [hash] => de81b797793767d90c5c1d8b036ae1a8df85714d17e1a1fb48260d3eb54654d0
            [match] => NO
        )

    [method_2_json_with_platformId] => Array
        (
            [payload] => 1912;{"platform_id":1912,"payment_id":40,"order_id":39,"amount":"4.300000000000000000","txhash":"89121488f096c363191cf1373cdf66063025c82091ae09ba0ad08d1c45e66273","address_from":"","address_to":"D5wNj79SdTCrpirP8cz1C7ip6fHH8VDxtu","fee":"0"};f254e3-65c3f0-2798e2-bf226d-489491
            [hash] => 95c2ec826505e64544a7c3239a1eaae47412454c039a881e7db8557a78f392bb
            [match] => NO
        )

    [method_3_json_only] => Array
        (
            [payload] => {"platform_id":1912,"payment_id":40,"order_id":39,"amount":"4.300000000000000000","txhash":"89121488f096c363191cf1373cdf66063025c82091ae09ba0ad08d1c45e66273","address_from":"","address_to":"D5wNj79SdTCrpirP8cz1C7ip6fHH8VDxtu","fee":"0"}
            [hash] => 868128af64fce24eda933ecb4f53ab3b50bd06e212535d6f5a89775adbba6b6e
            [match] => NO
        )

    [method_4_sorted_query] => Array
        (
            [payload] => address_from=&address_to=D5wNj79SdTCrpirP8cz1C7ip6fHH8VDxtu&amount=4.300000000000000000&fee=0&order_id=39&payment_id=40&platform_id=1912&txhash=89121488f096c363191cf1373cdf66063025c82091ae09ba0ad08d1c45e66273
            [hash] => cf54221527cec9d94282851e885e4e4307e18f0484a26737aa95a2c1487d8d6a
            [match] => NO
        )

)

--------------------------------------------------------------------------------
[2025-10-20 16:37:44] Step 9.4: Hash check result: INVALID
--------------------------------------------------------------------------------
[2025-10-20 16:37:44] WARNING: Hash verification FAILED - but continuing anyway for testing
--------------------------------------------------------------------------------
[2025-10-20 16:37:44] Expected hash calculation method might be different for webhooks
--------------------------------------------------------------------------------
[2025-10-20 16:37:44] Step 10: Checking payment status via Passimpay API...
--------------------------------------------------------------------------------
[2025-10-20 16:37:44] Step 10.1: Calling getOrderStatus(39)...
--------------------------------------------------------------------------------
[2025-10-20 16:37:44] Step 10.2: Payment status received: paid
--------------------------------------------------------------------------------
[2025-10-20 16:37:44] Step 11: Processing payment status...
--------------------------------------------------------------------------------
[2025-10-20 16:37:44] Step 11.1: Status is COMPLETED (paid)
--------------------------------------------------------------------------------
[2025-10-20 16:37:44] Step 11.2: Paid status ID: 2
--------------------------------------------------------------------------------
[2025-10-20 16:37:44] Step 11.3: Current order state: 2
--------------------------------------------------------------------------------
[2025-10-20 16:37:44] Step 11.4: Order already marked as paid - nothing to do
--------------------------------------------------------------------------------
[2025-10-20 14:25:30] === WEBHOOK RECEIVED ===
Array
(
    [REQUEST_METHOD] => POST
    [REQUEST_URI] => /modules/passimpay/webhook.php
    [POST] => Array
        (
            [platform_id] => 1912
            [payment_id] => 40
            [order_id] => 39
            [amount] => 4.300000000000000000
            [txhash] => 89121488f096c363191cf1373cdf66063025c82091ae09ba0ad08d1c45e66273
            [address_from] => 
            [address_to] => D5wNj79SdTCrpirP8cz1C7ip6fHH8VDxtu
            [fee] => 0
            [confirmations] => 4
            [hash] => 409fe4ea886937375975efae914239f630fa994f1f85f0d1c95e4d2fdb2ab9a3
        )

    [GET] => Array
        (
        )

)

--------------------------------------------------------------------------------
[2025-10-20 14:25:30] Step 1: Loading PrestaShop...
--------------------------------------------------------------------------------
[2025-10-20 14:25:30] Step 1.1: Config path: /var/www/presta/modules/passimpay/../../config/config.inc.php
--------------------------------------------------------------------------------
[2025-10-20 14:25:30] Step 1.2: File exists: YES
--------------------------------------------------------------------------------
[2025-10-20 17:25:30] Step 1.3: PrestaShop config loaded successfully
--------------------------------------------------------------------------------
[2025-10-20 17:25:30] Step 1.4: Initializing Context...
--------------------------------------------------------------------------------
[2025-10-20 17:25:30] Step 1.5: Context initialized successfully
--------------------------------------------------------------------------------
[2025-10-20 17:25:30] Step 2: Loading API class...
--------------------------------------------------------------------------------
[2025-10-20 17:25:30] Step 2.1: API path: /var/www/presta/modules/passimpay/PassimpayMerchantAPI.php
--------------------------------------------------------------------------------
[2025-10-20 17:25:30] Step 2.2: File exists: YES
--------------------------------------------------------------------------------
[2025-10-20 17:25:30] Step 2.3: API class loaded successfully
--------------------------------------------------------------------------------
[2025-10-20 17:25:30] Step 3: POST params received
Array
(
    [platform_id] => 1912
    [payment_id] => 40
    [order_id] => 39
    [amount] => 4.300000000000000000
    [txhash] => 89121488f096c363191cf1373cdf66063025c82091ae09ba0ad08d1c45e66273
    [address_from] => 
    [address_to] => D5wNj79SdTCrpirP8cz1C7ip6fHH8VDxtu
    [fee] => 0
    [confirmations] => 4
    [hash] => 409fe4ea886937375975efae914239f630fa994f1f85f0d1c95e4d2fdb2ab9a3
)

--------------------------------------------------------------------------------
[2025-10-20 17:25:30] Step 4: Checking POST data...
--------------------------------------------------------------------------------
[2025-10-20 17:25:30] Step 4.1: POST data is not empty
--------------------------------------------------------------------------------
[2025-10-20 17:25:30] Step 5: Checking required fields...
--------------------------------------------------------------------------------
[2025-10-20 17:25:30] Step 5.order_id: Checking field: order_id
--------------------------------------------------------------------------------
[2025-10-20 17:25:30] Step 5.order_id: Field OK - value: 39
--------------------------------------------------------------------------------
[2025-10-20 17:25:30] Step 5.platform_id: Checking field: platform_id
--------------------------------------------------------------------------------
[2025-10-20 17:25:30] Step 5.platform_id: Field OK - value: 1912
--------------------------------------------------------------------------------
[2025-10-20 17:25:30] Step 5.hash: Checking field: hash
--------------------------------------------------------------------------------
[2025-10-20 17:25:30] Step 5.hash: Field OK - value: 409fe4ea886937375975efae914239f630fa994f1f85f0d1c95e4d2fdb2ab9a3
--------------------------------------------------------------------------------
[2025-10-20 17:25:30] Step 5.9: All required fields present
--------------------------------------------------------------------------------
[2025-10-20 17:25:30] Step 6: Loading order #39
--------------------------------------------------------------------------------
[2025-10-20 17:25:30] Step 6.1: Order object created
--------------------------------------------------------------------------------
[2025-10-20 17:25:30] Step 6.2: Order loaded successfully
Array
(
    [id] => 39
    [current_state] => 2
    [reference] => CTMFSCKPO
    [total_paid] => 68.830000
)

--------------------------------------------------------------------------------
[2025-10-20 17:25:30] Step 7: Loading module configuration...
--------------------------------------------------------------------------------
[2025-10-20 17:25:30] Step 7.1: Configuration retrieved
Array
(
    [PP_PLATFORM_ID] => 1912
    [PP_SECRET_KEY] => SET (length: 34)
)

--------------------------------------------------------------------------------
[2025-10-20 17:25:30] Step 7.2: Configuration valid
--------------------------------------------------------------------------------
[2025-10-20 17:25:30] Step 8: Creating API instance...
--------------------------------------------------------------------------------
[2025-10-20 17:25:30] Step 8.1: API instance created successfully
--------------------------------------------------------------------------------
[2025-10-20 17:25:30] Step 9: Preparing hash verification...
--------------------------------------------------------------------------------
[2025-10-20 17:25:30] Step 9.1: Hash data prepared
Array
(
    [platform_id] => 1912
    [payment_id] => 40
    [order_id] => 39
    [amount] => 4.300000000000000000
    [txhash] => 89121488f096c363191cf1373cdf66063025c82091ae09ba0ad08d1c45e66273
    [address_from] => 
    [address_to] => D5wNj79SdTCrpirP8cz1C7ip6fHH8VDxtu
    [fee] => 0
    [confirmations] => 4
)

--------------------------------------------------------------------------------
[2025-10-20 17:25:30] Step 9.2: Received hash: 409fe4ea886937375975efae914239f630fa994f1f85f0d1c95e4d2fdb2ab9a3
--------------------------------------------------------------------------------
[2025-10-20 17:25:30] Step 9.3: Calling checkHash()...
--------------------------------------------------------------------------------
[2025-10-20 17:25:30] Hash verification
Array
(
    [received_hash] => 409fe4ea886937375975efae914239f630fa994f1f85f0d1c95e4d2fdb2ab9a3
    [calculated_hash] => 409fe4ea886937375975efae914239f630fa994f1f85f0d1c95e4d2fdb2ab9a3
    [payload] => platform_id=1912&payment_id=40&order_id=39&amount=4.300000000000000000&txhash=89121488f096c363191cf1373cdf66063025c82091ae09ba0ad08d1c45e66273&address_from=&address_to=D5wNj79SdTCrpirP8cz1C7ip6fHH8VDxtu&fee=0&confirmations=4
    [match] => YES ?
)

--------------------------------------------------------------------------------
[2025-10-20 17:25:30] Step 9.4: Hash verified successfully ?
--------------------------------------------------------------------------------
[2025-10-20 17:25:30] Step 10: Checking payment status via Passimpay API...
--------------------------------------------------------------------------------
[2025-10-20 17:25:30] Step 10.1: Calling getOrderStatus(39)...
--------------------------------------------------------------------------------
[2025-10-20 17:25:30] Step 10.2: Payment status received: paid
--------------------------------------------------------------------------------
[2025-10-20 17:25:30] Step 11: Processing payment status...
--------------------------------------------------------------------------------
[2025-10-20 17:25:30] Step 11.1: Status is COMPLETED (paid)
--------------------------------------------------------------------------------
[2025-10-20 17:25:30] Step 11.2: Paid status ID: 2
--------------------------------------------------------------------------------
[2025-10-20 17:25:30] Step 11.3: Current order state: 2
--------------------------------------------------------------------------------
[2025-10-20 17:25:30] Step 11.4: Order already marked as paid - nothing to do
--------------------------------------------------------------------------------
